{"contracts/Crowdsale.sol":{"l":{"74":16,"75":16,"95":1,"96":1,"97":1,"98":1,"99":1,"100":1,"101":1,"102":1,"112":0,"113":0,"116":0,"127":1,"128":1,"130":3,"132":1,"145":1,"146":1,"147":1,"148":1,"149":1,"153":1,"154":1,"155":1,"159":1,"160":1,"161":1,"166":1,"167":1,"173":1,"174":1,"180":1,"181":1,"186":1,"187":1,"191":1,"192":1,"196":1,"197":1,"201":1,"202":1,"207":1,"208":1,"212":1,"213":1,"218":1,"219":1,"223":1,"224":1,"230":24,"248":1,"249":1,"250":1,"251":1,"252":1,"253":1,"254":1,"255":1,"256":1,"257":1,"258":1,"259":1,"268":1,"269":1,"276":5,"277":5,"278":5,"279":5,"280":5,"281":5,"283":5,"284":5,"285":5,"286":5,"296":5,"297":1,"300":1,"303":1,"306":1,"309":1,"320":5,"321":5,"331":5,"332":5,"342":5,"351":5,"352":5,"354":5,"356":1,"357":1,"358":1,"359":1,"363":1,"364":1,"365":1,"366":1,"370":1,"371":1,"372":1,"373":1,"377":1,"378":1,"379":1,"380":1,"384":1,"385":1,"386":1,"387":1,"392":5,"398":5,"399":1,"402":1,"405":1,"408":1,"411":1,"417":5,"418":5,"419":5,"421":1,"422":1,"426":1,"427":1,"432":1,"433":1,"438":1,"439":1,"444":1,"445":1,"450":5,"458":1,"459":1,"466":1,"467":1,"472":1,"473":0,"476":1,"483":5,"484":1,"487":1,"490":1,"493":1,"496":1},"path":"/home/abhi_21094/Projects/Pexo/contracts/Crowdsale.sol","s":{"1":16,"2":1,"3":1,"4":1,"5":1,"6":1,"7":1,"8":1,"9":1,"10":0,"11":0,"12":0,"13":1,"14":1,"15":3,"16":1,"17":1,"18":1,"19":1,"20":1,"21":1,"22":1,"23":1,"24":1,"25":1,"26":1,"27":1,"28":1,"29":1,"30":1,"31":1,"32":1,"33":1,"34":1,"35":1,"36":1,"37":1,"38":1,"39":1,"40":1,"41":1,"42":1,"43":1,"44":1,"45":1,"46":1,"47":1,"48":1,"49":1,"50":24,"51":3,"52":21,"53":2,"54":19,"55":2,"56":17,"57":1,"58":16,"59":2,"60":14,"61":1,"62":13,"63":2,"64":11,"65":1,"66":10,"67":2,"68":8,"69":1,"70":7,"71":2,"72":5,"73":3,"74":2,"75":0,"76":2,"77":2,"78":1,"79":1,"80":1,"81":1,"82":1,"83":1,"84":1,"85":1,"86":1,"87":1,"88":1,"89":1,"90":1,"91":5,"92":5,"93":5,"94":5,"95":5,"96":5,"97":5,"98":5,"99":5,"100":5,"101":5,"102":1,"103":4,"104":1,"105":3,"106":1,"107":2,"108":1,"109":1,"110":1,"111":5,"112":5,"113":5,"114":5,"115":5,"116":5,"117":1,"118":1,"119":1,"120":1,"121":4,"122":1,"123":1,"124":1,"125":1,"126":3,"127":1,"128":1,"129":1,"130":1,"131":2,"132":1,"133":1,"134":1,"135":1,"136":1,"137":1,"138":1,"139":1,"140":1,"141":5,"142":5,"143":1,"144":4,"145":1,"146":3,"147":1,"148":2,"149":1,"150":1,"151":1,"152":5,"153":1,"154":1,"155":4,"156":1,"157":1,"158":3,"159":1,"160":1,"161":2,"162":1,"163":1,"164":1,"165":1,"166":1,"167":5,"168":1,"169":1,"170":1,"171":1,"172":1,"173":0,"174":1,"175":5,"176":1,"177":4,"178":1,"179":3,"180":1,"181":2,"182":1,"183":1,"184":1},"b":{"1":[16,0],"2":[1,0],"3":[1,0],"4":[1,0],"5":[0,0],"6":[1,0],"7":[1,0],"8":[1,0],"9":[1,0],"10":[1,0],"11":[1,0],"12":[1,0],"13":[1,0],"14":[1,0],"15":[1,0],"16":[1,0],"17":[1,0],"18":[1,0],"19":[1,0],"20":[1,0],"21":[3,21],"22":[2,19],"23":[2,17],"24":[1,16],"25":[2,14],"26":[1,13],"27":[2,11],"28":[1,10],"29":[2,8],"30":[1,7],"31":[2,5],"32":[3,2],"33":[0,2],"34":[2,0],"35":[1,0],"36":[1,0],"37":[1,0],"38":[1,0],"39":[1,0],"40":[1,0],"41":[1,0],"42":[5,0],"43":[5,0],"44":[5,0],"45":[1,4],"46":[1,0],"47":[1,3],"48":[1,0],"49":[1,2],"50":[1,0],"51":[1,1],"52":[1,0],"53":[1,0],"54":[1,0],"55":[5,0],"56":[5,0],"57":[1,4],"58":[1,0],"59":[1,3],"60":[1,0],"61":[1,2],"62":[1,0],"63":[1,1],"64":[1,0],"65":[1,0],"66":[1,0],"67":[1,4],"68":[1,3],"69":[1,2],"70":[1,1],"71":[1,0],"72":[1,4],"73":[1,3],"74":[1,2],"75":[1,1],"76":[1,0],"77":[1,0],"78":[1,0],"79":[1,0],"80":[1,0],"81":[0,1],"82":[1,4],"83":[1,3],"84":[1,2],"85":[1,1],"86":[1,0]},"f":{"1":16,"2":1,"3":0,"4":1,"5":1,"6":1,"7":1,"8":1,"9":1,"10":1,"11":1,"12":1,"13":1,"14":1,"15":1,"16":1,"17":1,"18":1,"19":24,"20":1,"21":1,"22":5,"23":5,"24":5,"25":5,"26":5,"27":5,"28":5,"29":5,"30":1,"31":1,"32":1,"33":5},"fnMap":{"1":{"name":"CrowdsaleStarted","line":73,"loc":{"start":{"line":73,"column":3},"end":{"line":73,"column":28}}},"2":{"name":"Crowdsale","line":94,"loc":{"start":{"line":94,"column":0},"end":{"line":94,"column":123}}},"3":{"name":null,"line":110,"loc":{"start":{"line":110,"column":4},"end":{"line":110,"column":30}}},"4":{"name":"authorizeKyc","line":126,"loc":{"start":{"line":126,"column":4},"end":{"line":126,"column":80}}},"5":{"name":"pause","line":144,"loc":{"start":{"line":144,"column":4},"end":{"line":144,"column":35}}},"6":{"name":"restartSale","line":152,"loc":{"start":{"line":152,"column":4},"end":{"line":152,"column":41}}},"7":{"name":"startPrivateSale","line":158,"loc":{"start":{"line":158,"column":4},"end":{"line":158,"column":46}}},"8":{"name":"endPrivateSale","line":164,"loc":{"start":{"line":164,"column":4},"end":{"line":164,"column":44}}},"9":{"name":"startPublicSaleRoundOne","line":171,"loc":{"start":{"line":171,"column":4},"end":{"line":171,"column":53}}},"10":{"name":"endPublicSaleRoundOne","line":178,"loc":{"start":{"line":178,"column":4},"end":{"line":178,"column":51}}},"11":{"name":"startPublicSaleRoundTwo","line":185,"loc":{"start":{"line":185,"column":4},"end":{"line":185,"column":53}}},"12":{"name":"endPublicSaleRoundTwo","line":190,"loc":{"start":{"line":190,"column":4},"end":{"line":190,"column":51}}},"13":{"name":"startPublicSaleRoundThree","line":195,"loc":{"start":{"line":195,"column":4},"end":{"line":195,"column":55}}},"14":{"name":"endPublicSaleRoundThree","line":200,"loc":{"start":{"line":200,"column":4},"end":{"line":200,"column":53}}},"15":{"name":"startPublicSaleRoundFour","line":206,"loc":{"start":{"line":206,"column":4},"end":{"line":206,"column":54}}},"16":{"name":"endPublicSaleRoundFour","line":211,"loc":{"start":{"line":211,"column":4},"end":{"line":211,"column":52}}},"17":{"name":"startPublicSaleRoundFive","line":217,"loc":{"start":{"line":217,"column":4},"end":{"line":217,"column":54}}},"18":{"name":"endPublicSaleRoundFive","line":222,"loc":{"start":{"line":222,"column":4},"end":{"line":222,"column":52}}},"19":{"name":"getStage","line":229,"loc":{"start":{"line":229,"column":4},"end":{"line":229,"column":50}}},"20":{"name":"sendPrivateSaleTokens","line":246,"loc":{"start":{"line":246,"column":4},"end":{"line":246,"column":141}}},"21":{"name":"setEthPriceInCents","line":267,"loc":{"start":{"line":267,"column":3},"end":{"line":267,"column":83}}},"22":{"name":"buyTokens","line":275,"loc":{"start":{"line":275,"column":3},"end":{"line":275,"column":74}}},"23":{"name":"_preValidatePurchase","line":294,"loc":{"start":{"line":294,"column":3},"end":{"line":294,"column":64}}},"24":{"name":"_validateCapLimits","line":318,"loc":{"start":{"line":318,"column":4},"end":{"line":318,"column":54}}},"25":{"name":"_deliverTokens","line":329,"loc":{"start":{"line":329,"column":3},"end":{"line":329,"column":78}}},"26":{"name":"_processPurchase","line":341,"loc":{"start":{"line":341,"column":3},"end":{"line":341,"column":80}}},"27":{"name":"_getTokenAmount","line":350,"loc":{"start":{"line":350,"column":4},"end":{"line":350,"column":89}}},"28":{"name":"discountInCurrentSale","line":395,"loc":{"start":{"line":395,"column":4},"end":{"line":396,"column":5}}},"29":{"name":"tokenAmount","line":415,"loc":{"start":{"line":415,"column":4},"end":{"line":415,"column":88}}},"30":{"name":"burnTokens","line":457,"loc":{"start":{"line":457,"column":4},"end":{"line":457,"column":40}}},"31":{"name":"finalizeSale","line":465,"loc":{"start":{"line":465,"column":4},"end":{"line":465,"column":43}}},"32":{"name":"isSoftCapReached","line":471,"loc":{"start":{"line":471,"column":4},"end":{"line":471,"column":54}}},"33":{"name":"tokenPriceInCurrentSale","line":480,"loc":{"start":{"line":480,"column":4},"end":{"line":481,"column":5}}}},"statementMap":{"1":{"start":{"line":74,"column":6},"end":{"line":74,"column":30}},"2":{"start":{"line":95,"column":8},"end":{"line":95,"column":37}},"3":{"start":{"line":96,"column":8},"end":{"line":96,"column":36}},"4":{"start":{"line":97,"column":8},"end":{"line":97,"column":36}},"5":{"start":{"line":98,"column":8},"end":{"line":98,"column":23}},"6":{"start":{"line":99,"column":8},"end":{"line":99,"column":24}},"7":{"start":{"line":100,"column":8},"end":{"line":100,"column":21}},"8":{"start":{"line":101,"column":8},"end":{"line":101,"column":34}},"9":{"start":{"line":102,"column":8},"end":{"line":102,"column":48}},"10":{"start":{"line":112,"column":5},"end":{"line":112,"column":4047}},"11":{"start":{"line":113,"column":8},"end":{"line":113,"column":28}},"12":{"start":{"line":116,"column":5},"end":{"line":116,"column":12}},"13":{"start":{"line":127,"column":8},"end":{"line":127,"column":38}},"14":{"start":{"line":128,"column":8},"end":{"line":128,"column":4473}},"15":{"start":{"line":130,"column":12},"end":{"line":130,"column":51}},"16":{"start":{"line":132,"column":8},"end":{"line":132,"column":19}},"17":{"start":{"line":145,"column":6},"end":{"line":145,"column":29}},"18":{"start":{"line":146,"column":6},"end":{"line":146,"column":38}},"19":{"start":{"line":147,"column":6},"end":{"line":147,"column":31}},"20":{"start":{"line":148,"column":6},"end":{"line":148,"column":30}},"21":{"start":{"line":149,"column":6},"end":{"line":149,"column":18}},"22":{"start":{"line":153,"column":6},"end":{"line":153,"column":42}},"23":{"start":{"line":154,"column":6},"end":{"line":154,"column":31}},"24":{"start":{"line":155,"column":6},"end":{"line":155,"column":19}},"25":{"start":{"line":159,"column":6},"end":{"line":159,"column":31}},"26":{"start":{"line":160,"column":6},"end":{"line":160,"column":28}},"27":{"start":{"line":161,"column":6},"end":{"line":161,"column":43}},"28":{"start":{"line":166,"column":6},"end":{"line":166,"column":53}},"29":{"start":{"line":167,"column":6},"end":{"line":167,"column":41}},"30":{"start":{"line":173,"column":4},"end":{"line":173,"column":49}},"31":{"start":{"line":174,"column":4},"end":{"line":174,"column":48}},"32":{"start":{"line":180,"column":4},"end":{"line":180,"column":58}},"33":{"start":{"line":181,"column":4},"end":{"line":181,"column":46}},"34":{"start":{"line":186,"column":4},"end":{"line":186,"column":56}},"35":{"start":{"line":187,"column":4},"end":{"line":187,"column":48}},"36":{"start":{"line":191,"column":4},"end":{"line":191,"column":58}},"37":{"start":{"line":192,"column":4},"end":{"line":192,"column":46}},"38":{"start":{"line":196,"column":4},"end":{"line":196,"column":56}},"39":{"start":{"line":197,"column":4},"end":{"line":197,"column":50}},"40":{"start":{"line":201,"column":4},"end":{"line":201,"column":60}},"41":{"start":{"line":202,"column":4},"end":{"line":202,"column":48}},"42":{"start":{"line":207,"column":4},"end":{"line":207,"column":58}},"43":{"start":{"line":208,"column":4},"end":{"line":208,"column":49}},"44":{"start":{"line":212,"column":4},"end":{"line":212,"column":59}},"45":{"start":{"line":213,"column":4},"end":{"line":213,"column":47}},"46":{"start":{"line":218,"column":4},"end":{"line":218,"column":57}},"47":{"start":{"line":219,"column":4},"end":{"line":219,"column":49}},"48":{"start":{"line":223,"column":4},"end":{"line":223,"column":59}},"49":{"start":{"line":224,"column":4},"end":{"line":224,"column":47}},"50":{"start":{"line":230,"column":4},"end":{"line":230,"column":7398}},"51":{"start":{"line":230,"column":49},"end":{"line":230,"column":76}},"52":{"start":{"line":231,"column":9},"end":{"line":231,"column":7481}},"53":{"start":{"line":231,"column":52},"end":{"line":231,"column":77}},"54":{"start":{"line":232,"column":9},"end":{"line":232,"column":7560}},"55":{"start":{"line":232,"column":61},"end":{"line":232,"column":97}},"56":{"start":{"line":233,"column":9},"end":{"line":233,"column":7659}},"57":{"start":{"line":233,"column":59},"end":{"line":233,"column":93}},"58":{"start":{"line":234,"column":9},"end":{"line":234,"column":7754}},"59":{"start":{"line":234,"column":61},"end":{"line":234,"column":97}},"60":{"start":{"line":235,"column":9},"end":{"line":235,"column":7853}},"61":{"start":{"line":235,"column":59},"end":{"line":235,"column":93}},"62":{"start":{"line":236,"column":9},"end":{"line":236,"column":7948}},"63":{"start":{"line":236,"column":63},"end":{"line":236,"column":101}},"64":{"start":{"line":237,"column":9},"end":{"line":237,"column":8051}},"65":{"start":{"line":237,"column":61},"end":{"line":237,"column":97}},"66":{"start":{"line":238,"column":9},"end":{"line":238,"column":8150}},"67":{"start":{"line":238,"column":62},"end":{"line":238,"column":99}},"68":{"start":{"line":239,"column":9},"end":{"line":239,"column":8251}},"69":{"start":{"line":239,"column":60},"end":{"line":239,"column":95}},"70":{"start":{"line":240,"column":9},"end":{"line":240,"column":8348}},"71":{"start":{"line":240,"column":62},"end":{"line":240,"column":99}},"72":{"start":{"line":241,"column":9},"end":{"line":241,"column":8453}},"73":{"start":{"line":241,"column":60},"end":{"line":241,"column":95}},"74":{"start":{"line":242,"column":9},"end":{"line":242,"column":8553}},"75":{"start":{"line":242,"column":43},"end":{"line":242,"column":58}},"76":{"start":{"line":243,"column":9},"end":{"line":243,"column":87}},"77":{"start":{"line":243,"column":57},"end":{"line":243,"column":87}},"78":{"start":{"line":248,"column":5},"end":{"line":248,"column":59}},"79":{"start":{"line":249,"column":5},"end":{"line":249,"column":94}},"80":{"start":{"line":250,"column":5},"end":{"line":250,"column":27}},"81":{"start":{"line":251,"column":5},"end":{"line":251,"column":52}},"82":{"start":{"line":252,"column":5},"end":{"line":252,"column":58}},"83":{"start":{"line":253,"column":5},"end":{"line":253,"column":42}},"84":{"start":{"line":255,"column":5},"end":{"line":255,"column":73}},"85":{"start":{"line":256,"column":5},"end":{"line":256,"column":59}},"86":{"start":{"line":257,"column":5},"end":{"line":257,"column":58}},"87":{"start":{"line":258,"column":5},"end":{"line":258,"column":44}},"88":{"start":{"line":259,"column":5},"end":{"line":259,"column":59}},"89":{"start":{"line":268,"column":8},"end":{"line":268,"column":34}},"90":{"start":{"line":269,"column":8},"end":{"line":269,"column":19}},"91":{"start":{"line":276,"column":4},"end":{"line":276,"column":58}},"92":{"start":{"line":277,"column":4},"end":{"line":277,"column":26}},"93":{"start":{"line":278,"column":4},"end":{"line":278,"column":32}},"94":{"start":{"line":279,"column":4},"end":{"line":279,"column":25}},"95":{"start":{"line":280,"column":4},"end":{"line":280,"column":58}},"96":{"start":{"line":281,"column":4},"end":{"line":281,"column":33}},"97":{"start":{"line":283,"column":4},"end":{"line":283,"column":45}},"98":{"start":{"line":284,"column":4},"end":{"line":284,"column":31}},"99":{"start":{"line":285,"column":4},"end":{"line":285,"column":40}},"100":{"start":{"line":287,"column":9},"end":{"line":287,"column":66}},"101":{"start":{"line":296,"column":4},"end":{"line":296,"column":10788}},"102":{"start":{"line":297,"column":7},"end":{"line":297,"column":30}},"103":{"start":{"line":299,"column":9},"end":{"line":299,"column":10888}},"104":{"start":{"line":300,"column":7},"end":{"line":300,"column":30}},"105":{"start":{"line":302,"column":9},"end":{"line":302,"column":10988}},"106":{"start":{"line":303,"column":7},"end":{"line":303,"column":30}},"107":{"start":{"line":305,"column":9},"end":{"line":305,"column":11089}},"108":{"start":{"line":306,"column":7},"end":{"line":306,"column":30}},"109":{"start":{"line":308,"column":9},"end":{"line":308,"column":11190}},"110":{"start":{"line":309,"column":7},"end":{"line":309,"column":31}},"111":{"start":{"line":320,"column":6},"end":{"line":320,"column":56}},"112":{"start":{"line":321,"column":6},"end":{"line":321,"column":43}},"113":{"start":{"line":331,"column":7},"end":{"line":331,"column":47}},"114":{"start":{"line":332,"column":7},"end":{"line":332,"column":68}},"115":{"start":{"line":342,"column":4},"end":{"line":342,"column":45}},"116":{"start":{"line":354,"column":6},"end":{"line":354,"column":12733}},"117":{"start":{"line":356,"column":8},"end":{"line":356,"column":56}},"118":{"start":{"line":357,"column":8},"end":{"line":357,"column":32}},"119":{"start":{"line":358,"column":8},"end":{"line":358,"column":76}},"120":{"start":{"line":359,"column":8},"end":{"line":359,"column":73}},"121":{"start":{"line":361,"column":11},"end":{"line":361,"column":13075}},"122":{"start":{"line":363,"column":9},"end":{"line":363,"column":57}},"123":{"start":{"line":364,"column":9},"end":{"line":364,"column":33}},"124":{"start":{"line":365,"column":9},"end":{"line":365,"column":77}},"125":{"start":{"line":366,"column":9},"end":{"line":366,"column":74}},"126":{"start":{"line":368,"column":11},"end":{"line":368,"column":13430}},"127":{"start":{"line":370,"column":9},"end":{"line":370,"column":57}},"128":{"start":{"line":371,"column":9},"end":{"line":371,"column":33}},"129":{"start":{"line":372,"column":9},"end":{"line":372,"column":81}},"130":{"start":{"line":373,"column":9},"end":{"line":373,"column":76}},"131":{"start":{"line":375,"column":11},"end":{"line":375,"column":13802}},"132":{"start":{"line":377,"column":9},"end":{"line":377,"column":57}},"133":{"start":{"line":378,"column":9},"end":{"line":378,"column":33}},"134":{"start":{"line":379,"column":9},"end":{"line":379,"column":79}},"135":{"start":{"line":380,"column":9},"end":{"line":380,"column":75}},"136":{"start":{"line":382,"column":11},"end":{"line":382,"column":14161}},"137":{"start":{"line":384,"column":9},"end":{"line":384,"column":58}},"138":{"start":{"line":385,"column":9},"end":{"line":385,"column":33}},"139":{"start":{"line":386,"column":9},"end":{"line":386,"column":79}},"140":{"start":{"line":387,"column":9},"end":{"line":387,"column":75}},"141":{"start":{"line":392,"column":6},"end":{"line":392,"column":19}},"142":{"start":{"line":398,"column":4},"end":{"line":398,"column":14665}},"143":{"start":{"line":399,"column":4},"end":{"line":399,"column":37}},"144":{"start":{"line":401,"column":9},"end":{"line":401,"column":14771}},"145":{"start":{"line":402,"column":4},"end":{"line":402,"column":37}},"146":{"start":{"line":404,"column":9},"end":{"line":404,"column":14877}},"147":{"start":{"line":405,"column":4},"end":{"line":405,"column":39}},"148":{"start":{"line":407,"column":9},"end":{"line":407,"column":14986}},"149":{"start":{"line":408,"column":4},"end":{"line":408,"column":38}},"150":{"start":{"line":410,"column":9},"end":{"line":410,"column":15094}},"151":{"start":{"line":411,"column":4},"end":{"line":411,"column":38}},"152":{"start":{"line":419,"column":6},"end":{"line":419,"column":15330}},"153":{"start":{"line":421,"column":8},"end":{"line":421,"column":56}},"154":{"start":{"line":422,"column":8},"end":{"line":422,"column":32}},"155":{"start":{"line":424,"column":11},"end":{"line":424,"column":15509}},"156":{"start":{"line":426,"column":8},"end":{"line":426,"column":56}},"157":{"start":{"line":427,"column":8},"end":{"line":427,"column":32}},"158":{"start":{"line":430,"column":11},"end":{"line":430,"column":15696}},"159":{"start":{"line":432,"column":8},"end":{"line":432,"column":56}},"160":{"start":{"line":433,"column":8},"end":{"line":433,"column":32}},"161":{"start":{"line":436,"column":11},"end":{"line":436,"column":15877}},"162":{"start":{"line":438,"column":8},"end":{"line":438,"column":56}},"163":{"start":{"line":439,"column":8},"end":{"line":439,"column":32}},"164":{"start":{"line":442,"column":11},"end":{"line":442,"column":16057}},"165":{"start":{"line":444,"column":8},"end":{"line":444,"column":57}},"166":{"start":{"line":445,"column":8},"end":{"line":445,"column":32}},"167":{"start":{"line":450,"column":6},"end":{"line":450,"column":19}},"168":{"start":{"line":458,"column":8},"end":{"line":458,"column":61}},"169":{"start":{"line":459,"column":8},"end":{"line":459,"column":41}},"170":{"start":{"line":466,"column":8},"end":{"line":466,"column":61}},"171":{"start":{"line":467,"column":8},"end":{"line":467,"column":32}},"172":{"start":{"line":472,"column":8},"end":{"line":472,"column":16822}},"173":{"start":{"line":473,"column":12},"end":{"line":473,"column":23}},"174":{"start":{"line":476,"column":12},"end":{"line":476,"column":24}},"175":{"start":{"line":483,"column":4},"end":{"line":483,"column":17043}},"176":{"start":{"line":484,"column":4},"end":{"line":484,"column":13}},"177":{"start":{"line":486,"column":9},"end":{"line":486,"column":17125}},"178":{"start":{"line":487,"column":4},"end":{"line":487,"column":13}},"179":{"start":{"line":489,"column":9},"end":{"line":489,"column":17207}},"180":{"start":{"line":490,"column":4},"end":{"line":490,"column":13}},"181":{"start":{"line":492,"column":9},"end":{"line":492,"column":17290}},"182":{"start":{"line":493,"column":4},"end":{"line":493,"column":13}},"183":{"start":{"line":495,"column":9},"end":{"line":495,"column":17373}},"184":{"start":{"line":496,"column":4},"end":{"line":496,"column":14}}},"branchMap":{"1":{"line":74,"type":"if","locations":[{"start":{"line":74,"column":6},"end":{"line":74,"column":6}},{"start":{"line":74,"column":6},"end":{"line":74,"column":6}}]},"2":{"line":95,"type":"if","locations":[{"start":{"line":95,"column":8},"end":{"line":95,"column":8}},{"start":{"line":95,"column":8},"end":{"line":95,"column":8}}]},"3":{"line":96,"type":"if","locations":[{"start":{"line":96,"column":8},"end":{"line":96,"column":8}},{"start":{"line":96,"column":8},"end":{"line":96,"column":8}}]},"4":{"line":97,"type":"if","locations":[{"start":{"line":97,"column":8},"end":{"line":97,"column":8}},{"start":{"line":97,"column":8},"end":{"line":97,"column":8}}]},"5":{"line":112,"type":"if","locations":[{"start":{"line":112,"column":5},"end":{"line":112,"column":5}},{"start":{"line":112,"column":5},"end":{"line":112,"column":5}}]},"6":{"line":145,"type":"if","locations":[{"start":{"line":145,"column":6},"end":{"line":145,"column":6}},{"start":{"line":145,"column":6},"end":{"line":145,"column":6}}]},"7":{"line":146,"type":"if","locations":[{"start":{"line":146,"column":6},"end":{"line":146,"column":6}},{"start":{"line":146,"column":6},"end":{"line":146,"column":6}}]},"8":{"line":153,"type":"if","locations":[{"start":{"line":153,"column":6},"end":{"line":153,"column":6}},{"start":{"line":153,"column":6},"end":{"line":153,"column":6}}]},"9":{"line":159,"type":"if","locations":[{"start":{"line":159,"column":6},"end":{"line":159,"column":6}},{"start":{"line":159,"column":6},"end":{"line":159,"column":6}}]},"10":{"line":166,"type":"if","locations":[{"start":{"line":166,"column":6},"end":{"line":166,"column":6}},{"start":{"line":166,"column":6},"end":{"line":166,"column":6}}]},"11":{"line":173,"type":"if","locations":[{"start":{"line":173,"column":4},"end":{"line":173,"column":4}},{"start":{"line":173,"column":4},"end":{"line":173,"column":4}}]},"12":{"line":180,"type":"if","locations":[{"start":{"line":180,"column":4},"end":{"line":180,"column":4}},{"start":{"line":180,"column":4},"end":{"line":180,"column":4}}]},"13":{"line":186,"type":"if","locations":[{"start":{"line":186,"column":4},"end":{"line":186,"column":4}},{"start":{"line":186,"column":4},"end":{"line":186,"column":4}}]},"14":{"line":191,"type":"if","locations":[{"start":{"line":191,"column":4},"end":{"line":191,"column":4}},{"start":{"line":191,"column":4},"end":{"line":191,"column":4}}]},"15":{"line":196,"type":"if","locations":[{"start":{"line":196,"column":4},"end":{"line":196,"column":4}},{"start":{"line":196,"column":4},"end":{"line":196,"column":4}}]},"16":{"line":201,"type":"if","locations":[{"start":{"line":201,"column":4},"end":{"line":201,"column":4}},{"start":{"line":201,"column":4},"end":{"line":201,"column":4}}]},"17":{"line":207,"type":"if","locations":[{"start":{"line":207,"column":4},"end":{"line":207,"column":4}},{"start":{"line":207,"column":4},"end":{"line":207,"column":4}}]},"18":{"line":212,"type":"if","locations":[{"start":{"line":212,"column":4},"end":{"line":212,"column":4}},{"start":{"line":212,"column":4},"end":{"line":212,"column":4}}]},"19":{"line":218,"type":"if","locations":[{"start":{"line":218,"column":4},"end":{"line":218,"column":4}},{"start":{"line":218,"column":4},"end":{"line":218,"column":4}}]},"20":{"line":223,"type":"if","locations":[{"start":{"line":223,"column":4},"end":{"line":223,"column":4}},{"start":{"line":223,"column":4},"end":{"line":223,"column":4}}]},"21":{"line":230,"type":"if","locations":[{"start":{"line":230,"column":4},"end":{"line":230,"column":4}},{"start":{"line":230,"column":4},"end":{"line":230,"column":4}}]},"22":{"line":231,"type":"if","locations":[{"start":{"line":231,"column":9},"end":{"line":231,"column":9}},{"start":{"line":231,"column":9},"end":{"line":231,"column":9}}]},"23":{"line":232,"type":"if","locations":[{"start":{"line":232,"column":9},"end":{"line":232,"column":9}},{"start":{"line":232,"column":9},"end":{"line":232,"column":9}}]},"24":{"line":233,"type":"if","locations":[{"start":{"line":233,"column":9},"end":{"line":233,"column":9}},{"start":{"line":233,"column":9},"end":{"line":233,"column":9}}]},"25":{"line":234,"type":"if","locations":[{"start":{"line":234,"column":9},"end":{"line":234,"column":9}},{"start":{"line":234,"column":9},"end":{"line":234,"column":9}}]},"26":{"line":235,"type":"if","locations":[{"start":{"line":235,"column":9},"end":{"line":235,"column":9}},{"start":{"line":235,"column":9},"end":{"line":235,"column":9}}]},"27":{"line":236,"type":"if","locations":[{"start":{"line":236,"column":9},"end":{"line":236,"column":9}},{"start":{"line":236,"column":9},"end":{"line":236,"column":9}}]},"28":{"line":237,"type":"if","locations":[{"start":{"line":237,"column":9},"end":{"line":237,"column":9}},{"start":{"line":237,"column":9},"end":{"line":237,"column":9}}]},"29":{"line":238,"type":"if","locations":[{"start":{"line":238,"column":9},"end":{"line":238,"column":9}},{"start":{"line":238,"column":9},"end":{"line":238,"column":9}}]},"30":{"line":239,"type":"if","locations":[{"start":{"line":239,"column":9},"end":{"line":239,"column":9}},{"start":{"line":239,"column":9},"end":{"line":239,"column":9}}]},"31":{"line":240,"type":"if","locations":[{"start":{"line":240,"column":9},"end":{"line":240,"column":9}},{"start":{"line":240,"column":9},"end":{"line":240,"column":9}}]},"32":{"line":241,"type":"if","locations":[{"start":{"line":241,"column":9},"end":{"line":241,"column":9}},{"start":{"line":241,"column":9},"end":{"line":241,"column":9}}]},"33":{"line":242,"type":"if","locations":[{"start":{"line":242,"column":9},"end":{"line":242,"column":9}},{"start":{"line":242,"column":9},"end":{"line":242,"column":9}}]},"34":{"line":243,"type":"if","locations":[{"start":{"line":243,"column":9},"end":{"line":243,"column":9}},{"start":{"line":243,"column":9},"end":{"line":243,"column":9}}]},"35":{"line":248,"type":"if","locations":[{"start":{"line":248,"column":5},"end":{"line":248,"column":5}},{"start":{"line":248,"column":5},"end":{"line":248,"column":5}}]},"36":{"line":249,"type":"if","locations":[{"start":{"line":249,"column":5},"end":{"line":249,"column":5}},{"start":{"line":249,"column":5},"end":{"line":249,"column":5}}]},"37":{"line":250,"type":"if","locations":[{"start":{"line":250,"column":5},"end":{"line":250,"column":5}},{"start":{"line":250,"column":5},"end":{"line":250,"column":5}}]},"38":{"line":251,"type":"if","locations":[{"start":{"line":251,"column":5},"end":{"line":251,"column":5}},{"start":{"line":251,"column":5},"end":{"line":251,"column":5}}]},"39":{"line":253,"type":"if","locations":[{"start":{"line":253,"column":5},"end":{"line":253,"column":5}},{"start":{"line":253,"column":5},"end":{"line":253,"column":5}}]},"40":{"line":257,"type":"if","locations":[{"start":{"line":257,"column":5},"end":{"line":257,"column":5}},{"start":{"line":257,"column":5},"end":{"line":257,"column":5}}]},"41":{"line":259,"type":"if","locations":[{"start":{"line":259,"column":5},"end":{"line":259,"column":5}},{"start":{"line":259,"column":5},"end":{"line":259,"column":5}}]},"42":{"line":276,"type":"if","locations":[{"start":{"line":276,"column":4},"end":{"line":276,"column":4}},{"start":{"line":276,"column":4},"end":{"line":276,"column":4}}]},"43":{"line":277,"type":"if","locations":[{"start":{"line":277,"column":4},"end":{"line":277,"column":4}},{"start":{"line":277,"column":4},"end":{"line":277,"column":4}}]},"44":{"line":279,"type":"if","locations":[{"start":{"line":279,"column":4},"end":{"line":279,"column":4}},{"start":{"line":279,"column":4},"end":{"line":279,"column":4}}]},"45":{"line":296,"type":"if","locations":[{"start":{"line":296,"column":4},"end":{"line":296,"column":4}},{"start":{"line":296,"column":4},"end":{"line":296,"column":4}}]},"46":{"line":297,"type":"if","locations":[{"start":{"line":297,"column":7},"end":{"line":297,"column":7}},{"start":{"line":297,"column":7},"end":{"line":297,"column":7}}]},"47":{"line":299,"type":"if","locations":[{"start":{"line":299,"column":9},"end":{"line":299,"column":9}},{"start":{"line":299,"column":9},"end":{"line":299,"column":9}}]},"48":{"line":300,"type":"if","locations":[{"start":{"line":300,"column":7},"end":{"line":300,"column":7}},{"start":{"line":300,"column":7},"end":{"line":300,"column":7}}]},"49":{"line":302,"type":"if","locations":[{"start":{"line":302,"column":9},"end":{"line":302,"column":9}},{"start":{"line":302,"column":9},"end":{"line":302,"column":9}}]},"50":{"line":303,"type":"if","locations":[{"start":{"line":303,"column":7},"end":{"line":303,"column":7}},{"start":{"line":303,"column":7},"end":{"line":303,"column":7}}]},"51":{"line":305,"type":"if","locations":[{"start":{"line":305,"column":9},"end":{"line":305,"column":9}},{"start":{"line":305,"column":9},"end":{"line":305,"column":9}}]},"52":{"line":306,"type":"if","locations":[{"start":{"line":306,"column":7},"end":{"line":306,"column":7}},{"start":{"line":306,"column":7},"end":{"line":306,"column":7}}]},"53":{"line":308,"type":"if","locations":[{"start":{"line":308,"column":9},"end":{"line":308,"column":9}},{"start":{"line":308,"column":9},"end":{"line":308,"column":9}}]},"54":{"line":309,"type":"if","locations":[{"start":{"line":309,"column":7},"end":{"line":309,"column":7}},{"start":{"line":309,"column":7},"end":{"line":309,"column":7}}]},"55":{"line":321,"type":"if","locations":[{"start":{"line":321,"column":6},"end":{"line":321,"column":6}},{"start":{"line":321,"column":6},"end":{"line":321,"column":6}}]},"56":{"line":332,"type":"if","locations":[{"start":{"line":332,"column":7},"end":{"line":332,"column":7}},{"start":{"line":332,"column":7},"end":{"line":332,"column":7}}]},"57":{"line":354,"type":"if","locations":[{"start":{"line":354,"column":6},"end":{"line":354,"column":6}},{"start":{"line":354,"column":6},"end":{"line":354,"column":6}}]},"58":{"line":359,"type":"if","locations":[{"start":{"line":359,"column":8},"end":{"line":359,"column":8}},{"start":{"line":359,"column":8},"end":{"line":359,"column":8}}]},"59":{"line":361,"type":"if","locations":[{"start":{"line":361,"column":11},"end":{"line":361,"column":11}},{"start":{"line":361,"column":11},"end":{"line":361,"column":11}}]},"60":{"line":366,"type":"if","locations":[{"start":{"line":366,"column":9},"end":{"line":366,"column":9}},{"start":{"line":366,"column":9},"end":{"line":366,"column":9}}]},"61":{"line":368,"type":"if","locations":[{"start":{"line":368,"column":11},"end":{"line":368,"column":11}},{"start":{"line":368,"column":11},"end":{"line":368,"column":11}}]},"62":{"line":373,"type":"if","locations":[{"start":{"line":373,"column":9},"end":{"line":373,"column":9}},{"start":{"line":373,"column":9},"end":{"line":373,"column":9}}]},"63":{"line":375,"type":"if","locations":[{"start":{"line":375,"column":11},"end":{"line":375,"column":11}},{"start":{"line":375,"column":11},"end":{"line":375,"column":11}}]},"64":{"line":380,"type":"if","locations":[{"start":{"line":380,"column":9},"end":{"line":380,"column":9}},{"start":{"line":380,"column":9},"end":{"line":380,"column":9}}]},"65":{"line":382,"type":"if","locations":[{"start":{"line":382,"column":11},"end":{"line":382,"column":11}},{"start":{"line":382,"column":11},"end":{"line":382,"column":11}}]},"66":{"line":387,"type":"if","locations":[{"start":{"line":387,"column":9},"end":{"line":387,"column":9}},{"start":{"line":387,"column":9},"end":{"line":387,"column":9}}]},"67":{"line":398,"type":"if","locations":[{"start":{"line":398,"column":4},"end":{"line":398,"column":4}},{"start":{"line":398,"column":4},"end":{"line":398,"column":4}}]},"68":{"line":401,"type":"if","locations":[{"start":{"line":401,"column":9},"end":{"line":401,"column":9}},{"start":{"line":401,"column":9},"end":{"line":401,"column":9}}]},"69":{"line":404,"type":"if","locations":[{"start":{"line":404,"column":9},"end":{"line":404,"column":9}},{"start":{"line":404,"column":9},"end":{"line":404,"column":9}}]},"70":{"line":407,"type":"if","locations":[{"start":{"line":407,"column":9},"end":{"line":407,"column":9}},{"start":{"line":407,"column":9},"end":{"line":407,"column":9}}]},"71":{"line":410,"type":"if","locations":[{"start":{"line":410,"column":9},"end":{"line":410,"column":9}},{"start":{"line":410,"column":9},"end":{"line":410,"column":9}}]},"72":{"line":419,"type":"if","locations":[{"start":{"line":419,"column":6},"end":{"line":419,"column":6}},{"start":{"line":419,"column":6},"end":{"line":419,"column":6}}]},"73":{"line":424,"type":"if","locations":[{"start":{"line":424,"column":11},"end":{"line":424,"column":11}},{"start":{"line":424,"column":11},"end":{"line":424,"column":11}}]},"74":{"line":430,"type":"if","locations":[{"start":{"line":430,"column":11},"end":{"line":430,"column":11}},{"start":{"line":430,"column":11},"end":{"line":430,"column":11}}]},"75":{"line":436,"type":"if","locations":[{"start":{"line":436,"column":11},"end":{"line":436,"column":11}},{"start":{"line":436,"column":11},"end":{"line":436,"column":11}}]},"76":{"line":442,"type":"if","locations":[{"start":{"line":442,"column":11},"end":{"line":442,"column":11}},{"start":{"line":442,"column":11},"end":{"line":442,"column":11}}]},"77":{"line":458,"type":"if","locations":[{"start":{"line":458,"column":8},"end":{"line":458,"column":8}},{"start":{"line":458,"column":8},"end":{"line":458,"column":8}}]},"78":{"line":459,"type":"if","locations":[{"start":{"line":459,"column":8},"end":{"line":459,"column":8}},{"start":{"line":459,"column":8},"end":{"line":459,"column":8}}]},"79":{"line":466,"type":"if","locations":[{"start":{"line":466,"column":8},"end":{"line":466,"column":8}},{"start":{"line":466,"column":8},"end":{"line":466,"column":8}}]},"80":{"line":467,"type":"if","locations":[{"start":{"line":467,"column":8},"end":{"line":467,"column":8}},{"start":{"line":467,"column":8},"end":{"line":467,"column":8}}]},"81":{"line":472,"type":"if","locations":[{"start":{"line":472,"column":8},"end":{"line":472,"column":8}},{"start":{"line":472,"column":8},"end":{"line":472,"column":8}}]},"82":{"line":483,"type":"if","locations":[{"start":{"line":483,"column":4},"end":{"line":483,"column":4}},{"start":{"line":483,"column":4},"end":{"line":483,"column":4}}]},"83":{"line":486,"type":"if","locations":[{"start":{"line":486,"column":9},"end":{"line":486,"column":9}},{"start":{"line":486,"column":9},"end":{"line":486,"column":9}}]},"84":{"line":489,"type":"if","locations":[{"start":{"line":489,"column":9},"end":{"line":489,"column":9}},{"start":{"line":489,"column":9},"end":{"line":489,"column":9}}]},"85":{"line":492,"type":"if","locations":[{"start":{"line":492,"column":9},"end":{"line":492,"column":9}},{"start":{"line":492,"column":9},"end":{"line":492,"column":9}}]},"86":{"line":495,"type":"if","locations":[{"start":{"line":495,"column":9},"end":{"line":495,"column":9}},{"start":{"line":495,"column":9},"end":{"line":495,"column":9}}]}}},"contracts/ERC20.sol":{"l":{"11":0,"12":0},"path":"/home/abhi_21094/Projects/Pexo/contracts/ERC20.sol","s":{"1":0},"b":{"1":[0,0]},"f":{"1":0},"fnMap":{"1":{"name":"onlyPayloadSize","line":10,"loc":{"start":{"line":10,"column":4},"end":{"line":10,"column":41}}}},"statementMap":{"1":{"start":{"line":11,"column":8},"end":{"line":11,"column":51}}},"branchMap":{"1":{"line":11,"type":"if","locations":[{"start":{"line":11,"column":8},"end":{"line":11,"column":8}},{"start":{"line":11,"column":8},"end":{"line":11,"column":8}}]}}},"contracts/Owned.sol":{"l":{"10":3,"14":28,"15":28,"19":1,"22":1,"24":1,"25":1},"path":"/home/abhi_21094/Projects/Pexo/contracts/Owned.sol","s":{"1":3,"2":28,"3":1,"4":1,"5":1,"6":1,"7":1},"b":{"1":[28,0],"2":[1,0]},"f":{"1":3,"2":28,"3":1,"4":1},"fnMap":{"1":{"name":"Owned","line":9,"loc":{"start":{"line":9,"column":4},"end":{"line":9,"column":39}}},"2":{"name":"onlyOwner","line":13,"loc":{"start":{"line":13,"column":4},"end":{"line":13,"column":20}}},"3":{"name":"transferOwnership","line":18,"loc":{"start":{"line":18,"column":4},"end":{"line":18,"column":64}}},"4":{"name":"acceptOwnership","line":21,"loc":{"start":{"line":21,"column":4},"end":{"line":21,"column":35}}}},"statementMap":{"1":{"start":{"line":10,"column":8},"end":{"line":10,"column":21}},"2":{"start":{"line":14,"column":8},"end":{"line":14,"column":35}},"3":{"start":{"line":19,"column":8},"end":{"line":19,"column":27}},"4":{"start":{"line":22,"column":8},"end":{"line":22,"column":38}},"5":{"start":{"line":23,"column":13},"end":{"line":23,"column":49}},"6":{"start":{"line":24,"column":8},"end":{"line":24,"column":23}},"7":{"start":{"line":25,"column":8},"end":{"line":25,"column":28}}},"branchMap":{"1":{"line":14,"type":"if","locations":[{"start":{"line":14,"column":8},"end":{"line":14,"column":8}},{"start":{"line":14,"column":8},"end":{"line":14,"column":8}}]},"2":{"line":22,"type":"if","locations":[{"start":{"line":22,"column":8},"end":{"line":22,"column":8}},{"start":{"line":22,"column":8},"end":{"line":22,"column":8}}]}}},"contracts/Pausable.sol":{"l":{"10":18,"11":18,"15":1,"16":1,"20":1,"25":1},"path":"/home/abhi_21094/Projects/Pexo/contracts/Pausable.sol","s":{"1":18,"2":1,"3":1,"4":1,"5":1,"6":1},"b":{"1":[18,0],"2":[1,0]},"f":{"1":18,"2":1,"3":1,"4":1},"fnMap":{"1":{"name":"whenNotPaused","line":9,"loc":{"start":{"line":9,"column":4},"end":{"line":9,"column":26}}},"2":{"name":"whenPaused","line":14,"loc":{"start":{"line":14,"column":4},"end":{"line":14,"column":23}}},"3":{"name":"pause","line":19,"loc":{"start":{"line":19,"column":4},"end":{"line":19,"column":49}}},"4":{"name":"unpause","line":24,"loc":{"start":{"line":24,"column":4},"end":{"line":24,"column":48}}}},"statementMap":{"1":{"start":{"line":10,"column":6},"end":{"line":10,"column":21}},"2":{"start":{"line":15,"column":6},"end":{"line":15,"column":20}},"3":{"start":{"line":20,"column":6},"end":{"line":20,"column":18}},"4":{"start":{"line":21,"column":11},"end":{"line":21,"column":17}},"5":{"start":{"line":25,"column":6},"end":{"line":25,"column":19}},"6":{"start":{"line":26,"column":11},"end":{"line":26,"column":19}}},"branchMap":{"1":{"line":10,"type":"if","locations":[{"start":{"line":10,"column":6},"end":{"line":10,"column":6}},{"start":{"line":10,"column":6},"end":{"line":10,"column":6}}]},"2":{"line":15,"type":"if","locations":[{"start":{"line":15,"column":6},"end":{"line":15,"column":6}},{"start":{"line":15,"column":6},"end":{"line":15,"column":6}}]}}},"contracts/PexoToken.sol":{"l":{"38":15,"39":15,"43":3,"44":0,"46":3,"47":3,"56":1,"57":1,"58":1,"59":1,"70":2,"71":2,"72":2,"73":2,"75":1,"76":0,"77":0,"81":1,"82":1,"93":1,"94":1,"95":1,"96":1,"97":1,"99":0,"100":0,"101":0,"106":1,"107":1,"116":1,"117":1,"118":1,"119":1,"120":1,"121":1,"122":1,"123":1,"133":1,"134":1,"135":1,"136":1,"137":1,"138":1,"139":1,"147":0,"148":0,"152":0,"156":1,"157":1,"158":1,"159":1,"160":1,"162":1,"171":6,"172":6,"173":6,"174":6,"176":1,"177":1,"182":5,"183":5,"195":1,"196":1,"197":1,"198":1,"199":1,"207":1,"208":1,"209":1,"210":1,"211":1,"212":1,"213":1,"214":1,"216":1,"223":1,"224":1,"225":1,"226":1,"227":1,"236":1,"237":1,"238":1,"248":2,"249":2,"250":2,"251":1,"252":1,"253":1,"254":1,"255":1,"257":1,"268":0,"269":0,"270":0,"274":0},"path":"/home/abhi_21094/Projects/Pexo/contracts/PexoToken.sol","s":{"1":15,"2":3,"3":3,"4":1,"5":1,"6":1,"7":1,"8":2,"9":2,"10":2,"11":2,"12":1,"13":0,"14":1,"15":1,"16":1,"17":1,"18":1,"19":1,"20":0,"21":0,"22":1,"23":1,"24":1,"25":1,"26":1,"27":1,"28":1,"29":1,"30":1,"31":1,"32":1,"33":1,"34":1,"35":1,"36":1,"37":1,"38":1,"39":1,"40":0,"41":1,"42":1,"43":1,"44":1,"45":1,"46":1,"47":1,"48":6,"49":6,"50":6,"51":6,"52":1,"53":1,"54":5,"55":5,"56":1,"57":1,"58":1,"59":1,"60":1,"61":1,"62":1,"63":1,"64":1,"65":1,"66":1,"67":1,"68":1,"69":1,"70":1,"71":1,"72":1,"73":1,"74":1,"75":1,"76":1,"77":1,"78":1,"79":1,"80":2,"81":2,"82":2,"83":1,"84":1,"85":1,"86":1,"87":1,"88":1,"89":1,"90":0,"91":0,"92":0,"93":0},"b":{"1":[15,0],"2":[0,3],"3":[3,0],"4":[2,0],"5":[2,0],"6":[2,0],"7":[1,1],"8":[0,1],"9":[1,0],"10":[1,0],"11":[1,0],"12":[1,0],"13":[0,1],"14":[0,0],"15":[1,0],"16":[1,0],"17":[1,0],"18":[1,0],"19":[1,0],"20":[1,0],"21":[1,0],"22":[1,0],"23":[6,0],"24":[6,0],"25":[6,0],"26":[1,5],"27":[1,0],"28":[1,0],"29":[1,0],"30":[1,0],"31":[1,0],"32":[1,0],"33":[1,0],"34":[1,0],"35":[1,0],"36":[1,0],"37":[1,0],"38":[2,0],"39":[2,0],"40":[1,0],"41":[1,0],"42":[0,0],"43":[0,0]},"f":{"1":15,"2":3,"3":1,"4":2,"5":1,"6":1,"7":1,"8":0,"9":1,"10":6,"11":1,"12":1,"13":1,"14":1,"15":2,"16":0,"17":0},"fnMap":{"1":{"name":"onlyPayloadSize","line":37,"loc":{"start":{"line":37,"column":4},"end":{"line":37,"column":41}}},"2":{"name":"manageTransfer","line":42,"loc":{"start":{"line":42,"column":4},"end":{"line":42,"column":27}}},"3":{"name":"PexoToken","line":55,"loc":{"start":{"line":55,"column":0},"end":{"line":55,"column":68}}},"4":{"name":"transfer","line":68,"loc":{"start":{"line":68,"column":4},"end":{"line":68,"column":126}}},"5":{"name":"transferFrom","line":92,"loc":{"start":{"line":92,"column":4},"end":{"line":92,"column":137}}},"6":{"name":"activateSaleContract","line":115,"loc":{"start":{"line":115,"column":4},"end":{"line":115,"column":85}}},"7":{"name":"activateVestingContract","line":131,"loc":{"start":{"line":131,"column":4},"end":{"line":131,"column":91}}},"8":{"name":"isContract","line":146,"loc":{"start":{"line":146,"column":4},"end":{"line":146,"column":79}}},"9":{"name":"burn","line":155,"loc":{"start":{"line":155,"column":4},"end":{"line":155,"column":75}}},"10":{"name":"saleTransfer","line":170,"loc":{"start":{"line":170,"column":4},"end":{"line":170,"column":102}}},"11":{"name":"vestingTransfer","line":194,"loc":{"start":{"line":194,"column":4},"end":{"line":194,"column":93}}},"12":{"name":"burnTokensForSale","line":206,"loc":{"start":{"line":206,"column":4},"end":{"line":206,"column":68}}},"13":{"name":"finalize","line":222,"loc":{"start":{"line":222,"column":4},"end":{"line":222,"column":57}}},"14":{"name":"freezeAccount","line":235,"loc":{"start":{"line":235,"column":3},"end":{"line":235,"column":71}}},"15":{"name":"sendBounty","line":247,"loc":{"start":{"line":247,"column":4},"end":{"line":247,"column":96}}},"16":{"name":"transferAnyERC20Token","line":267,"loc":{"start":{"line":267,"column":4},"end":{"line":267,"column":121}}},"17":{"name":null,"line":273,"loc":{"start":{"line":273,"column":4},"end":{"line":273,"column":30}}}},"statementMap":{"1":{"start":{"line":38,"column":8},"end":{"line":38,"column":51}},"2":{"start":{"line":43,"column":8},"end":{"line":43,"column":1136}},"3":{"start":{"line":46,"column":12},"end":{"line":46,"column":40}},"4":{"start":{"line":56,"column":8},"end":{"line":56,"column":21}},"5":{"start":{"line":57,"column":8},"end":{"line":57,"column":20}},"6":{"start":{"line":58,"column":8},"end":{"line":58,"column":20}},"7":{"start":{"line":59,"column":8},"end":{"line":59,"column":40}},"8":{"start":{"line":70,"column":8},"end":{"line":70,"column":24}},"9":{"start":{"line":71,"column":8},"end":{"line":71,"column":33}},"10":{"start":{"line":72,"column":8},"end":{"line":72,"column":43}},"11":{"start":{"line":73,"column":8},"end":{"line":73,"column":2000}},"12":{"start":{"line":75,"column":12},"end":{"line":75,"column":53}},"13":{"start":{"line":77,"column":12},"end":{"line":77,"column":23}},"14":{"start":{"line":82,"column":12},"end":{"line":82,"column":23}},"15":{"start":{"line":93,"column":8},"end":{"line":93,"column":24}},"16":{"start":{"line":94,"column":8},"end":{"line":94,"column":33}},"17":{"start":{"line":95,"column":8},"end":{"line":95,"column":35}},"18":{"start":{"line":96,"column":8},"end":{"line":96,"column":38}},"19":{"start":{"line":97,"column":8},"end":{"line":97,"column":2812}},"20":{"start":{"line":99,"column":12},"end":{"line":99,"column":53}},"21":{"start":{"line":101,"column":12},"end":{"line":101,"column":23}},"22":{"start":{"line":107,"column":11},"end":{"line":107,"column":22}},"23":{"start":{"line":116,"column":8},"end":{"line":116,"column":43}},"24":{"start":{"line":117,"column":8},"end":{"line":117,"column":42}},"25":{"start":{"line":118,"column":8},"end":{"line":118,"column":35}},"26":{"start":{"line":119,"column":8},"end":{"line":119,"column":73}},"27":{"start":{"line":120,"column":8},"end":{"line":120,"column":55}},"28":{"start":{"line":121,"column":8},"end":{"line":121,"column":24}},"29":{"start":{"line":122,"column":8},"end":{"line":122,"column":25}},"30":{"start":{"line":123,"column":8},"end":{"line":123,"column":43}},"31":{"start":{"line":124,"column":13},"end":{"line":124,"column":70}},"32":{"start":{"line":133,"column":8},"end":{"line":133,"column":46}},"33":{"start":{"line":134,"column":8},"end":{"line":134,"column":45}},"34":{"start":{"line":135,"column":8},"end":{"line":135,"column":41}},"35":{"start":{"line":136,"column":8},"end":{"line":136,"column":45}},"36":{"start":{"line":137,"column":8},"end":{"line":137,"column":80}},"37":{"start":{"line":138,"column":8},"end":{"line":138,"column":56}},"38":{"start":{"line":139,"column":8},"end":{"line":139,"column":43}},"39":{"start":{"line":140,"column":13},"end":{"line":140,"column":73}},"40":{"start":{"line":152,"column":8},"end":{"line":152,"column":27}},"41":{"start":{"line":156,"column":8},"end":{"line":156,"column":26}},"42":{"start":{"line":157,"column":8},"end":{"line":157,"column":46}},"43":{"start":{"line":158,"column":8},"end":{"line":158,"column":62}},"44":{"start":{"line":159,"column":8},"end":{"line":159,"column":44}},"45":{"start":{"line":160,"column":8},"end":{"line":160,"column":48}},"46":{"start":{"line":161,"column":13},"end":{"line":161,"column":36}},"47":{"start":{"line":162,"column":8},"end":{"line":162,"column":19}},"48":{"start":{"line":171,"column":8},"end":{"line":171,"column":42}},"49":{"start":{"line":172,"column":8},"end":{"line":172,"column":42}},"50":{"start":{"line":173,"column":8},"end":{"line":173,"column":36}},"51":{"start":{"line":174,"column":8},"end":{"line":174,"column":5799}},"52":{"start":{"line":176,"column":12},"end":{"line":176,"column":38}},"53":{"start":{"line":177,"column":12},"end":{"line":177,"column":46}},"54":{"start":{"line":182,"column":12},"end":{"line":182,"column":39}},"55":{"start":{"line":183,"column":12},"end":{"line":183,"column":46}},"56":{"start":{"line":195,"column":8},"end":{"line":195,"column":37}},"57":{"start":{"line":196,"column":8},"end":{"line":196,"column":45}},"58":{"start":{"line":197,"column":8},"end":{"line":197,"column":30}},"59":{"start":{"line":198,"column":8},"end":{"line":198,"column":45}},"60":{"start":{"line":199,"column":8},"end":{"line":199,"column":42}},"61":{"start":{"line":207,"column":8},"end":{"line":207,"column":42}},"62":{"start":{"line":208,"column":8},"end":{"line":208,"column":42}},"63":{"start":{"line":209,"column":8},"end":{"line":209,"column":46}},"64":{"start":{"line":210,"column":8},"end":{"line":210,"column":26}},"65":{"start":{"line":211,"column":8},"end":{"line":211,"column":37}},"66":{"start":{"line":212,"column":8},"end":{"line":212,"column":33}},"67":{"start":{"line":213,"column":8},"end":{"line":213,"column":44}},"68":{"start":{"line":214,"column":8},"end":{"line":214,"column":48}},"69":{"start":{"line":215,"column":13},"end":{"line":215,"column":38}},"70":{"start":{"line":216,"column":8},"end":{"line":216,"column":19}},"71":{"start":{"line":223,"column":8},"end":{"line":223,"column":36}},"72":{"start":{"line":224,"column":8},"end":{"line":224,"column":42}},"73":{"start":{"line":225,"column":8},"end":{"line":225,"column":26}},"74":{"start":{"line":226,"column":8},"end":{"line":226,"column":29}},"75":{"start":{"line":227,"column":8},"end":{"line":227,"column":19}},"76":{"start":{"line":236,"column":8},"end":{"line":236,"column":29}},"77":{"start":{"line":237,"column":8},"end":{"line":237,"column":41}},"78":{"start":{"line":238,"column":8},"end":{"line":238,"column":38}},"79":{"start":{"line":239,"column":13},"end":{"line":239,"column":38}},"80":{"start":{"line":248,"column":8},"end":{"line":248,"column":33}},"81":{"start":{"line":249,"column":8},"end":{"line":249,"column":27}},"82":{"start":{"line":250,"column":8},"end":{"line":250,"column":42}},"83":{"start":{"line":251,"column":8},"end":{"line":251,"column":37}},"84":{"start":{"line":252,"column":8},"end":{"line":252,"column":47}},"85":{"start":{"line":253,"column":8},"end":{"line":253,"column":44}},"86":{"start":{"line":254,"column":8},"end":{"line":254,"column":47}},"87":{"start":{"line":255,"column":8},"end":{"line":255,"column":45}},"88":{"start":{"line":256,"column":13},"end":{"line":256,"column":47}},"89":{"start":{"line":257,"column":8},"end":{"line":257,"column":19}},"90":{"start":{"line":268,"column":8},"end":{"line":268,"column":42}},"91":{"start":{"line":269,"column":8},"end":{"line":269,"column":40}},"92":{"start":{"line":270,"column":8},"end":{"line":270,"column":58}},"93":{"start":{"line":274,"column":8},"end":{"line":274,"column":15}}},"branchMap":{"1":{"line":38,"type":"if","locations":[{"start":{"line":38,"column":8},"end":{"line":38,"column":8}},{"start":{"line":38,"column":8},"end":{"line":38,"column":8}}]},"2":{"line":43,"type":"if","locations":[{"start":{"line":43,"column":8},"end":{"line":43,"column":8}},{"start":{"line":43,"column":8},"end":{"line":43,"column":8}}]},"3":{"line":46,"type":"if","locations":[{"start":{"line":46,"column":12},"end":{"line":46,"column":12}},{"start":{"line":46,"column":12},"end":{"line":46,"column":12}}]},"4":{"line":70,"type":"if","locations":[{"start":{"line":70,"column":8},"end":{"line":70,"column":8}},{"start":{"line":70,"column":8},"end":{"line":70,"column":8}}]},"5":{"line":71,"type":"if","locations":[{"start":{"line":71,"column":8},"end":{"line":71,"column":8}},{"start":{"line":71,"column":8},"end":{"line":71,"column":8}}]},"6":{"line":72,"type":"if","locations":[{"start":{"line":72,"column":8},"end":{"line":72,"column":8}},{"start":{"line":72,"column":8},"end":{"line":72,"column":8}}]},"7":{"line":73,"type":"if","locations":[{"start":{"line":73,"column":8},"end":{"line":73,"column":8}},{"start":{"line":73,"column":8},"end":{"line":73,"column":8}}]},"8":{"line":75,"type":"if","locations":[{"start":{"line":75,"column":12},"end":{"line":75,"column":12}},{"start":{"line":75,"column":12},"end":{"line":75,"column":12}}]},"9":{"line":93,"type":"if","locations":[{"start":{"line":93,"column":8},"end":{"line":93,"column":8}},{"start":{"line":93,"column":8},"end":{"line":93,"column":8}}]},"10":{"line":94,"type":"if","locations":[{"start":{"line":94,"column":8},"end":{"line":94,"column":8}},{"start":{"line":94,"column":8},"end":{"line":94,"column":8}}]},"11":{"line":95,"type":"if","locations":[{"start":{"line":95,"column":8},"end":{"line":95,"column":8}},{"start":{"line":95,"column":8},"end":{"line":95,"column":8}}]},"12":{"line":96,"type":"if","locations":[{"start":{"line":96,"column":8},"end":{"line":96,"column":8}},{"start":{"line":96,"column":8},"end":{"line":96,"column":8}}]},"13":{"line":97,"type":"if","locations":[{"start":{"line":97,"column":8},"end":{"line":97,"column":8}},{"start":{"line":97,"column":8},"end":{"line":97,"column":8}}]},"14":{"line":99,"type":"if","locations":[{"start":{"line":99,"column":12},"end":{"line":99,"column":12}},{"start":{"line":99,"column":12},"end":{"line":99,"column":12}}]},"15":{"line":116,"type":"if","locations":[{"start":{"line":116,"column":8},"end":{"line":116,"column":8}},{"start":{"line":116,"column":8},"end":{"line":116,"column":8}}]},"16":{"line":117,"type":"if","locations":[{"start":{"line":117,"column":8},"end":{"line":117,"column":8}},{"start":{"line":117,"column":8},"end":{"line":117,"column":8}}]},"17":{"line":123,"type":"if","locations":[{"start":{"line":123,"column":8},"end":{"line":123,"column":8}},{"start":{"line":123,"column":8},"end":{"line":123,"column":8}}]},"18":{"line":133,"type":"if","locations":[{"start":{"line":133,"column":8},"end":{"line":133,"column":8}},{"start":{"line":133,"column":8},"end":{"line":133,"column":8}}]},"19":{"line":134,"type":"if","locations":[{"start":{"line":134,"column":8},"end":{"line":134,"column":8}},{"start":{"line":134,"column":8},"end":{"line":134,"column":8}}]},"20":{"line":139,"type":"if","locations":[{"start":{"line":139,"column":8},"end":{"line":139,"column":8}},{"start":{"line":139,"column":8},"end":{"line":139,"column":8}}]},"21":{"line":156,"type":"if","locations":[{"start":{"line":156,"column":8},"end":{"line":156,"column":8}},{"start":{"line":156,"column":8},"end":{"line":156,"column":8}}]},"22":{"line":157,"type":"if","locations":[{"start":{"line":157,"column":8},"end":{"line":157,"column":8}},{"start":{"line":157,"column":8},"end":{"line":157,"column":8}}]},"23":{"line":171,"type":"if","locations":[{"start":{"line":171,"column":8},"end":{"line":171,"column":8}},{"start":{"line":171,"column":8},"end":{"line":171,"column":8}}]},"24":{"line":172,"type":"if","locations":[{"start":{"line":172,"column":8},"end":{"line":172,"column":8}},{"start":{"line":172,"column":8},"end":{"line":172,"column":8}}]},"25":{"line":173,"type":"if","locations":[{"start":{"line":173,"column":8},"end":{"line":173,"column":8}},{"start":{"line":173,"column":8},"end":{"line":173,"column":8}}]},"26":{"line":174,"type":"if","locations":[{"start":{"line":174,"column":8},"end":{"line":174,"column":8}},{"start":{"line":174,"column":8},"end":{"line":174,"column":8}}]},"27":{"line":195,"type":"if","locations":[{"start":{"line":195,"column":8},"end":{"line":195,"column":8}},{"start":{"line":195,"column":8},"end":{"line":195,"column":8}}]},"28":{"line":196,"type":"if","locations":[{"start":{"line":196,"column":8},"end":{"line":196,"column":8}},{"start":{"line":196,"column":8},"end":{"line":196,"column":8}}]},"29":{"line":198,"type":"if","locations":[{"start":{"line":198,"column":8},"end":{"line":198,"column":8}},{"start":{"line":198,"column":8},"end":{"line":198,"column":8}}]},"30":{"line":207,"type":"if","locations":[{"start":{"line":207,"column":8},"end":{"line":207,"column":8}},{"start":{"line":207,"column":8},"end":{"line":207,"column":8}}]},"31":{"line":208,"type":"if","locations":[{"start":{"line":208,"column":8},"end":{"line":208,"column":8}},{"start":{"line":208,"column":8},"end":{"line":208,"column":8}}]},"32":{"line":210,"type":"if","locations":[{"start":{"line":210,"column":8},"end":{"line":210,"column":8}},{"start":{"line":210,"column":8},"end":{"line":210,"column":8}}]},"33":{"line":211,"type":"if","locations":[{"start":{"line":211,"column":8},"end":{"line":211,"column":8}},{"start":{"line":211,"column":8},"end":{"line":211,"column":8}}]},"34":{"line":223,"type":"if","locations":[{"start":{"line":223,"column":8},"end":{"line":223,"column":8}},{"start":{"line":223,"column":8},"end":{"line":223,"column":8}}]},"35":{"line":224,"type":"if","locations":[{"start":{"line":224,"column":8},"end":{"line":224,"column":8}},{"start":{"line":224,"column":8},"end":{"line":224,"column":8}}]},"36":{"line":236,"type":"if","locations":[{"start":{"line":236,"column":8},"end":{"line":236,"column":8}},{"start":{"line":236,"column":8},"end":{"line":236,"column":8}}]},"37":{"line":237,"type":"if","locations":[{"start":{"line":237,"column":8},"end":{"line":237,"column":8}},{"start":{"line":237,"column":8},"end":{"line":237,"column":8}}]},"38":{"line":248,"type":"if","locations":[{"start":{"line":248,"column":8},"end":{"line":248,"column":8}},{"start":{"line":248,"column":8},"end":{"line":248,"column":8}}]},"39":{"line":249,"type":"if","locations":[{"start":{"line":249,"column":8},"end":{"line":249,"column":8}},{"start":{"line":249,"column":8},"end":{"line":249,"column":8}}]},"40":{"line":251,"type":"if","locations":[{"start":{"line":251,"column":8},"end":{"line":251,"column":8}},{"start":{"line":251,"column":8},"end":{"line":251,"column":8}}]},"41":{"line":253,"type":"if","locations":[{"start":{"line":253,"column":8},"end":{"line":253,"column":8}},{"start":{"line":253,"column":8},"end":{"line":253,"column":8}}]},"42":{"line":268,"type":"if","locations":[{"start":{"line":268,"column":8},"end":{"line":268,"column":8}},{"start":{"line":268,"column":8},"end":{"line":268,"column":8}}]},"43":{"line":269,"type":"if","locations":[{"start":{"line":269,"column":8},"end":{"line":269,"column":8}},{"start":{"line":269,"column":8},"end":{"line":269,"column":8}}]}}},"contracts/SafeMath.sol":{"l":{"5":37,"6":37,"9":16,"10":16,"13":18,"14":18,"17":21,"18":21},"path":"/home/abhi_21094/Projects/Pexo/contracts/SafeMath.sol","s":{"1":37,"2":37,"3":16,"4":16,"5":18,"6":18,"7":21,"8":21},"b":{"1":[37,0],"2":[16,0],"3":[17,1],"4":[21,0]},"f":{"1":37,"2":16,"3":18,"4":21},"fnMap":{"1":{"name":"add","line":4,"loc":{"start":{"line":4,"column":4},"end":{"line":4,"column":67}}},"2":{"name":"sub","line":8,"loc":{"start":{"line":8,"column":4},"end":{"line":8,"column":67}}},"3":{"name":"mul","line":12,"loc":{"start":{"line":12,"column":4},"end":{"line":12,"column":67}}},"4":{"name":"div","line":16,"loc":{"start":{"line":16,"column":4},"end":{"line":16,"column":67}}}},"statementMap":{"1":{"start":{"line":5,"column":8},"end":{"line":5,"column":16}},"2":{"start":{"line":6,"column":8},"end":{"line":6,"column":22}},"3":{"start":{"line":9,"column":8},"end":{"line":9,"column":22}},"4":{"start":{"line":10,"column":8},"end":{"line":10,"column":16}},"5":{"start":{"line":13,"column":8},"end":{"line":13,"column":16}},"6":{"start":{"line":14,"column":8},"end":{"line":14,"column":36}},"7":{"start":{"line":17,"column":8},"end":{"line":17,"column":21}},"8":{"start":{"line":18,"column":8},"end":{"line":18,"column":16}}},"branchMap":{"1":{"line":6,"type":"if","locations":[{"start":{"line":6,"column":8},"end":{"line":6,"column":8}},{"start":{"line":6,"column":8},"end":{"line":6,"column":8}}]},"2":{"line":9,"type":"if","locations":[{"start":{"line":9,"column":8},"end":{"line":9,"column":8}},{"start":{"line":9,"column":8},"end":{"line":9,"column":8}}]},"3":{"line":14,"type":"if","locations":[{"start":{"line":14,"column":8},"end":{"line":14,"column":8}},{"start":{"line":14,"column":8},"end":{"line":14,"column":8}}]},"4":{"line":17,"type":"if","locations":[{"start":{"line":17,"column":8},"end":{"line":17,"column":8}},{"start":{"line":17,"column":8},"end":{"line":17,"column":8}}]}}},"contracts/StandardToken.sol":{"l":{"25":24,"34":8,"35":8,"36":8,"38":8,"40":0,"51":1,"52":1,"53":1,"55":1,"56":1,"57":1,"59":1,"80":1,"81":1,"83":1,"87":2,"88":1,"90":1,"100":5,"108":0,"109":0,"113":0,"114":0,"115":0,"117":0},"path":"/home/abhi_21094/Projects/Pexo/contracts/StandardToken.sol","s":{"1":24,"2":8,"3":8,"4":8,"5":8,"6":8,"7":0,"8":1,"9":1,"10":1,"11":1,"12":1,"13":1,"14":1,"15":1,"16":1,"17":1,"18":1,"19":1,"20":2,"21":1,"22":1,"23":1,"24":5,"25":0,"26":0,"27":0,"28":0,"29":0,"30":0,"31":0},"b":{"1":[8,0],"2":[1,0],"3":[1,0],"4":[1,0],"5":[1,0],"6":[1,1],"7":[0,0],"8":[0,0]},"f":{"1":24,"2":8,"3":1,"4":1,"5":2,"6":5,"7":0},"fnMap":{"1":{"name":"balanceOf","line":24,"loc":{"start":{"line":24,"column":4},"end":{"line":24,"column":66}}},"2":{"name":"transfer","line":33,"loc":{"start":{"line":33,"column":4},"end":{"line":33,"column":97}}},"3":{"name":"transferFrom","line":50,"loc":{"start":{"line":50,"column":4},"end":{"line":50,"column":108}}},"4":{"name":"approve","line":74,"loc":{"start":{"line":74,"column":4},"end":{"line":74,"column":93}}},"5":{"name":"changeApproval","line":86,"loc":{"start":{"line":86,"column":4},"end":{"line":86,"column":130}}},"6":{"name":"allowance","line":99,"loc":{"start":{"line":99,"column":4},"end":{"line":99,"column":84}}},"7":{"name":"burn","line":107,"loc":{"start":{"line":107,"column":4},"end":{"line":107,"column":65}}}},"statementMap":{"1":{"start":{"line":25,"column":8},"end":{"line":25,"column":31}},"2":{"start":{"line":34,"column":8},"end":{"line":34,"column":1224}},"3":{"start":{"line":35,"column":12},"end":{"line":35,"column":66}},"4":{"start":{"line":36,"column":12},"end":{"line":36,"column":52}},"5":{"start":{"line":37,"column":17},"end":{"line":37,"column":49}},"6":{"start":{"line":38,"column":12},"end":{"line":38,"column":23}},"7":{"start":{"line":40,"column":12},"end":{"line":40,"column":24}},"8":{"start":{"line":51,"column":8},"end":{"line":51,"column":33}},"9":{"start":{"line":52,"column":8},"end":{"line":52,"column":41}},"10":{"start":{"line":53,"column":8},"end":{"line":53,"column":52}},"11":{"start":{"line":55,"column":8},"end":{"line":55,"column":52}},"12":{"start":{"line":56,"column":8},"end":{"line":56,"column":48}},"13":{"start":{"line":57,"column":8},"end":{"line":57,"column":74}},"14":{"start":{"line":58,"column":13},"end":{"line":58,"column":40}},"15":{"start":{"line":59,"column":8},"end":{"line":59,"column":19}},"16":{"start":{"line":80,"column":8},"end":{"line":80,"column":67}},"17":{"start":{"line":81,"column":8},"end":{"line":81,"column":45}},"18":{"start":{"line":82,"column":13},"end":{"line":82,"column":50}},"19":{"start":{"line":83,"column":8},"end":{"line":83,"column":19}},"20":{"start":{"line":87,"column":8},"end":{"line":87,"column":58}},"21":{"start":{"line":88,"column":8},"end":{"line":88,"column":48}},"22":{"start":{"line":89,"column":13},"end":{"line":89,"column":53}},"23":{"start":{"line":90,"column":8},"end":{"line":90,"column":19}},"24":{"start":{"line":100,"column":8},"end":{"line":100,"column":40}},"25":{"start":{"line":108,"column":8},"end":{"line":108,"column":26}},"26":{"start":{"line":109,"column":8},"end":{"line":109,"column":46}},"27":{"start":{"line":113,"column":8},"end":{"line":113,"column":34}},"28":{"start":{"line":114,"column":8},"end":{"line":114,"column":54}},"29":{"start":{"line":115,"column":8},"end":{"line":115,"column":44}},"30":{"start":{"line":116,"column":13},"end":{"line":116,"column":32}},"31":{"start":{"line":117,"column":8},"end":{"line":117,"column":19}}},"branchMap":{"1":{"line":34,"type":"if","locations":[{"start":{"line":34,"column":8},"end":{"line":34,"column":8}},{"start":{"line":34,"column":8},"end":{"line":34,"column":8}}]},"2":{"line":51,"type":"if","locations":[{"start":{"line":51,"column":8},"end":{"line":51,"column":8}},{"start":{"line":51,"column":8},"end":{"line":51,"column":8}}]},"3":{"line":52,"type":"if","locations":[{"start":{"line":52,"column":8},"end":{"line":52,"column":8}},{"start":{"line":52,"column":8},"end":{"line":52,"column":8}}]},"4":{"line":53,"type":"if","locations":[{"start":{"line":53,"column":8},"end":{"line":53,"column":8}},{"start":{"line":53,"column":8},"end":{"line":53,"column":8}}]},"5":{"line":80,"type":"if","locations":[{"start":{"line":80,"column":8},"end":{"line":80,"column":8}},{"start":{"line":80,"column":8},"end":{"line":80,"column":8}}]},"6":{"line":87,"type":"if","locations":[{"start":{"line":87,"column":8},"end":{"line":87,"column":8}},{"start":{"line":87,"column":8},"end":{"line":87,"column":8}}]},"7":{"line":108,"type":"if","locations":[{"start":{"line":108,"column":8},"end":{"line":108,"column":8}},{"start":{"line":108,"column":8},"end":{"line":108,"column":8}}]},"8":{"line":109,"type":"if","locations":[{"start":{"line":109,"column":8},"end":{"line":109,"column":8}},{"start":{"line":109,"column":8},"end":{"line":109,"column":8}}]}}},"contracts/TokenVesting.sol":{"l":{"32":1,"44":1,"45":1,"46":1,"47":1,"48":1,"49":1,"50":1,"51":1},"path":"/home/abhi_21094/Projects/Pexo/contracts/TokenVesting.sol","s":{"1":1,"2":1,"3":1,"4":1,"5":1,"6":1,"7":1,"8":1},"b":{"1":[1,0],"2":[1,0],"3":[1,0]},"f":{"1":0,"2":1,"3":1},"fnMap":{"1":{"name":"vestingTransfer","line":7,"loc":{"start":{"line":7,"column":4},"end":{"line":7,"column":73}}},"2":{"name":"TokenVesting","line":31,"loc":{"start":{"line":31,"column":4},"end":{"line":31,"column":76}}},"3":{"name":"vestTokens","line":41,"loc":{"start":{"line":41,"column":4},"end":{"line":41,"column":77}}}},"statementMap":{"1":{"start":{"line":32,"column":6},"end":{"line":32,"column":19}},"2":{"start":{"line":44,"column":6},"end":{"line":44,"column":40}},"3":{"start":{"line":45,"column":6},"end":{"line":45,"column":74}},"4":{"start":{"line":46,"column":6},"end":{"line":46,"column":39}},"5":{"start":{"line":47,"column":6},"end":{"line":47,"column":72}},"6":{"start":{"line":48,"column":6},"end":{"line":48,"column":64}},"7":{"start":{"line":49,"column":6},"end":{"line":49,"column":48}},"8":{"start":{"line":50,"column":6},"end":{"line":50,"column":57}}},"branchMap":{"1":{"line":44,"type":"if","locations":[{"start":{"line":44,"column":6},"end":{"line":44,"column":6}},{"start":{"line":44,"column":6},"end":{"line":44,"column":6}}]},"2":{"line":45,"type":"if","locations":[{"start":{"line":45,"column":6},"end":{"line":45,"column":6}},{"start":{"line":45,"column":6},"end":{"line":45,"column":6}}]},"3":{"line":50,"type":"if","locations":[{"start":{"line":50,"column":6},"end":{"line":50,"column":6}},{"start":{"line":50,"column":6},"end":{"line":50,"column":6}}]}}}}