TN:
SF:/home/abhi_21094/Projects/Pexo/contracts/Crowdsale.sol
FN:73,CrowdsaleStarted
FN:94,Crowdsale
FN:110,
FN:126,authorizeKyc
FN:144,pause
FN:152,restartSale
FN:158,startPrivateSale
FN:164,endPrivateSale
FN:171,startPublicSaleRoundOne
FN:178,endPublicSaleRoundOne
FN:185,startPublicSaleRoundTwo
FN:190,endPublicSaleRoundTwo
FN:195,startPublicSaleRoundThree
FN:200,endPublicSaleRoundThree
FN:206,startPublicSaleRoundFour
FN:211,endPublicSaleRoundFour
FN:217,startPublicSaleRoundFive
FN:222,endPublicSaleRoundFive
FN:229,getStage
FN:246,sendPrivateSaleTokens
FN:267,setEthPriceInCents
FN:275,buyTokens
FN:294,_preValidatePurchase
FN:318,_validateCapLimits
FN:329,_deliverTokens
FN:341,_processPurchase
FN:350,_getTokenAmount
FN:395,discountInCurrentSale
FN:415,tokenAmount
FN:457,burnTokens
FN:465,finalizeSale
FN:471,isSoftCapReached
FN:480,tokenPriceInCurrentSale
FNF:33
FNH:32
FNDA:16,CrowdsaleStarted
FNDA:1,Crowdsale
FNDA:0,
FNDA:1,authorizeKyc
FNDA:1,pause
FNDA:1,restartSale
FNDA:1,startPrivateSale
FNDA:1,endPrivateSale
FNDA:1,startPublicSaleRoundOne
FNDA:1,endPublicSaleRoundOne
FNDA:1,startPublicSaleRoundTwo
FNDA:1,endPublicSaleRoundTwo
FNDA:1,startPublicSaleRoundThree
FNDA:1,endPublicSaleRoundThree
FNDA:1,startPublicSaleRoundFour
FNDA:1,endPublicSaleRoundFour
FNDA:1,startPublicSaleRoundFive
FNDA:1,endPublicSaleRoundFive
FNDA:24,getStage
FNDA:1,sendPrivateSaleTokens
FNDA:1,setEthPriceInCents
FNDA:5,buyTokens
FNDA:5,_preValidatePurchase
FNDA:5,_validateCapLimits
FNDA:5,_deliverTokens
FNDA:5,_processPurchase
FNDA:5,_getTokenAmount
FNDA:5,discountInCurrentSale
FNDA:5,tokenAmount
FNDA:1,burnTokens
FNDA:1,finalizeSale
FNDA:1,isSoftCapReached
FNDA:5,tokenPriceInCurrentSale
DA:74,16
DA:75,16
DA:95,1
DA:96,1
DA:97,1
DA:98,1
DA:99,1
DA:100,1
DA:101,1
DA:102,1
DA:112,0
DA:113,0
DA:116,0
DA:127,1
DA:128,1
DA:130,3
DA:132,1
DA:145,1
DA:146,1
DA:147,1
DA:148,1
DA:149,1
DA:153,1
DA:154,1
DA:155,1
DA:159,1
DA:160,1
DA:161,1
DA:166,1
DA:167,1
DA:173,1
DA:174,1
DA:180,1
DA:181,1
DA:186,1
DA:187,1
DA:191,1
DA:192,1
DA:196,1
DA:197,1
DA:201,1
DA:202,1
DA:207,1
DA:208,1
DA:212,1
DA:213,1
DA:218,1
DA:219,1
DA:223,1
DA:224,1
DA:230,24
DA:248,1
DA:249,1
DA:250,1
DA:251,1
DA:252,1
DA:253,1
DA:254,1
DA:255,1
DA:256,1
DA:257,1
DA:258,1
DA:259,1
DA:268,1
DA:269,1
DA:276,5
DA:277,5
DA:278,5
DA:279,5
DA:280,5
DA:281,5
DA:283,5
DA:284,5
DA:285,5
DA:286,5
DA:296,5
DA:297,1
DA:300,1
DA:303,1
DA:306,1
DA:309,1
DA:320,5
DA:321,5
DA:331,5
DA:332,5
DA:342,5
DA:351,5
DA:352,5
DA:354,5
DA:356,1
DA:357,1
DA:358,1
DA:359,1
DA:363,1
DA:364,1
DA:365,1
DA:366,1
DA:370,1
DA:371,1
DA:372,1
DA:373,1
DA:377,1
DA:378,1
DA:379,1
DA:380,1
DA:384,1
DA:385,1
DA:386,1
DA:387,1
DA:392,5
DA:398,5
DA:399,1
DA:402,1
DA:405,1
DA:408,1
DA:411,1
DA:417,5
DA:418,5
DA:419,5
DA:421,1
DA:422,1
DA:426,1
DA:427,1
DA:432,1
DA:433,1
DA:438,1
DA:439,1
DA:444,1
DA:445,1
DA:450,5
DA:458,1
DA:459,1
DA:466,1
DA:467,1
DA:472,1
DA:473,0
DA:476,1
DA:483,5
DA:484,1
DA:487,1
DA:490,1
DA:493,1
DA:496,1
LF:143
LH:139
BRDA:74,1,0,16
BRDA:74,1,1,0
BRDA:95,2,0,1
BRDA:95,2,1,0
BRDA:96,3,0,1
BRDA:96,3,1,0
BRDA:97,4,0,1
BRDA:97,4,1,0
BRDA:112,5,0,0
BRDA:112,5,1,0
BRDA:145,6,0,1
BRDA:145,6,1,0
BRDA:146,7,0,1
BRDA:146,7,1,0
BRDA:153,8,0,1
BRDA:153,8,1,0
BRDA:159,9,0,1
BRDA:159,9,1,0
BRDA:166,10,0,1
BRDA:166,10,1,0
BRDA:173,11,0,1
BRDA:173,11,1,0
BRDA:180,12,0,1
BRDA:180,12,1,0
BRDA:186,13,0,1
BRDA:186,13,1,0
BRDA:191,14,0,1
BRDA:191,14,1,0
BRDA:196,15,0,1
BRDA:196,15,1,0
BRDA:201,16,0,1
BRDA:201,16,1,0
BRDA:207,17,0,1
BRDA:207,17,1,0
BRDA:212,18,0,1
BRDA:212,18,1,0
BRDA:218,19,0,1
BRDA:218,19,1,0
BRDA:223,20,0,1
BRDA:223,20,1,0
BRDA:230,21,0,3
BRDA:230,21,1,21
BRDA:231,22,0,2
BRDA:231,22,1,19
BRDA:232,23,0,2
BRDA:232,23,1,17
BRDA:233,24,0,1
BRDA:233,24,1,16
BRDA:234,25,0,2
BRDA:234,25,1,14
BRDA:235,26,0,1
BRDA:235,26,1,13
BRDA:236,27,0,2
BRDA:236,27,1,11
BRDA:237,28,0,1
BRDA:237,28,1,10
BRDA:238,29,0,2
BRDA:238,29,1,8
BRDA:239,30,0,1
BRDA:239,30,1,7
BRDA:240,31,0,2
BRDA:240,31,1,5
BRDA:241,32,0,3
BRDA:241,32,1,2
BRDA:242,33,0,0
BRDA:242,33,1,2
BRDA:243,34,0,2
BRDA:243,34,1,0
BRDA:248,35,0,1
BRDA:248,35,1,0
BRDA:249,36,0,1
BRDA:249,36,1,0
BRDA:250,37,0,1
BRDA:250,37,1,0
BRDA:251,38,0,1
BRDA:251,38,1,0
BRDA:253,39,0,1
BRDA:253,39,1,0
BRDA:257,40,0,1
BRDA:257,40,1,0
BRDA:259,41,0,1
BRDA:259,41,1,0
BRDA:276,42,0,5
BRDA:276,42,1,0
BRDA:277,43,0,5
BRDA:277,43,1,0
BRDA:279,44,0,5
BRDA:279,44,1,0
BRDA:296,45,0,1
BRDA:296,45,1,4
BRDA:297,46,0,1
BRDA:297,46,1,0
BRDA:299,47,0,1
BRDA:299,47,1,3
BRDA:300,48,0,1
BRDA:300,48,1,0
BRDA:302,49,0,1
BRDA:302,49,1,2
BRDA:303,50,0,1
BRDA:303,50,1,0
BRDA:305,51,0,1
BRDA:305,51,1,1
BRDA:306,52,0,1
BRDA:306,52,1,0
BRDA:308,53,0,1
BRDA:308,53,1,0
BRDA:309,54,0,1
BRDA:309,54,1,0
BRDA:321,55,0,5
BRDA:321,55,1,0
BRDA:332,56,0,5
BRDA:332,56,1,0
BRDA:354,57,0,1
BRDA:354,57,1,4
BRDA:359,58,0,1
BRDA:359,58,1,0
BRDA:361,59,0,1
BRDA:361,59,1,3
BRDA:366,60,0,1
BRDA:366,60,1,0
BRDA:368,61,0,1
BRDA:368,61,1,2
BRDA:373,62,0,1
BRDA:373,62,1,0
BRDA:375,63,0,1
BRDA:375,63,1,1
BRDA:380,64,0,1
BRDA:380,64,1,0
BRDA:382,65,0,1
BRDA:382,65,1,0
BRDA:387,66,0,1
BRDA:387,66,1,0
BRDA:398,67,0,1
BRDA:398,67,1,4
BRDA:401,68,0,1
BRDA:401,68,1,3
BRDA:404,69,0,1
BRDA:404,69,1,2
BRDA:407,70,0,1
BRDA:407,70,1,1
BRDA:410,71,0,1
BRDA:410,71,1,0
BRDA:419,72,0,1
BRDA:419,72,1,4
BRDA:424,73,0,1
BRDA:424,73,1,3
BRDA:430,74,0,1
BRDA:430,74,1,2
BRDA:436,75,0,1
BRDA:436,75,1,1
BRDA:442,76,0,1
BRDA:442,76,1,0
BRDA:458,77,0,1
BRDA:458,77,1,0
BRDA:459,78,0,1
BRDA:459,78,1,0
BRDA:466,79,0,1
BRDA:466,79,1,0
BRDA:467,80,0,1
BRDA:467,80,1,0
BRDA:472,81,0,0
BRDA:472,81,1,1
BRDA:483,82,0,1
BRDA:483,82,1,4
BRDA:486,83,0,1
BRDA:486,83,1,3
BRDA:489,84,0,1
BRDA:489,84,1,2
BRDA:492,85,0,1
BRDA:492,85,1,1
BRDA:495,86,0,1
BRDA:495,86,1,0
BRF:172
BRH:117
end_of_record
TN:
SF:/home/abhi_21094/Projects/Pexo/contracts/ERC20.sol
FN:10,onlyPayloadSize
FNF:1
FNH:0
FNDA:0,onlyPayloadSize
DA:11,0
DA:12,0
LF:2
LH:0
BRDA:11,1,0,0
BRDA:11,1,1,0
BRF:2
BRH:0
end_of_record
TN:
SF:/home/abhi_21094/Projects/Pexo/contracts/Owned.sol
FN:9,Owned
FN:13,onlyOwner
FN:18,transferOwnership
FN:21,acceptOwnership
FNF:4
FNH:4
FNDA:3,Owned
FNDA:28,onlyOwner
FNDA:1,transferOwnership
FNDA:1,acceptOwnership
DA:10,3
DA:14,28
DA:15,28
DA:19,1
DA:22,1
DA:24,1
DA:25,1
LF:7
LH:7
BRDA:14,1,0,28
BRDA:14,1,1,0
BRDA:22,2,0,1
BRDA:22,2,1,0
BRF:4
BRH:2
end_of_record
TN:
SF:/home/abhi_21094/Projects/Pexo/contracts/Pausable.sol
FN:9,whenNotPaused
FN:14,whenPaused
FN:19,pause
FN:24,unpause
FNF:4
FNH:4
FNDA:18,whenNotPaused
FNDA:1,whenPaused
FNDA:1,pause
FNDA:1,unpause
DA:10,18
DA:11,18
DA:15,1
DA:16,1
DA:20,1
DA:25,1
LF:6
LH:6
BRDA:10,1,0,18
BRDA:10,1,1,0
BRDA:15,2,0,1
BRDA:15,2,1,0
BRF:4
BRH:2
end_of_record
TN:
SF:/home/abhi_21094/Projects/Pexo/contracts/PexoToken.sol
FN:37,onlyPayloadSize
FN:42,manageTransfer
FN:55,PexoToken
FN:68,transfer
FN:92,transferFrom
FN:115,activateSaleContract
FN:131,activateVestingContract
FN:146,isContract
FN:155,burn
FN:170,saleTransfer
FN:194,vestingTransfer
FN:206,burnTokensForSale
FN:222,finalize
FN:235,freezeAccount
FN:247,sendBounty
FN:267,transferAnyERC20Token
FN:273,
FNF:17
FNH:14
FNDA:15,onlyPayloadSize
FNDA:3,manageTransfer
FNDA:1,PexoToken
FNDA:2,transfer
FNDA:1,transferFrom
FNDA:1,activateSaleContract
FNDA:1,activateVestingContract
FNDA:0,isContract
FNDA:1,burn
FNDA:6,saleTransfer
FNDA:1,vestingTransfer
FNDA:1,burnTokensForSale
FNDA:1,finalize
FNDA:1,freezeAccount
FNDA:2,sendBounty
FNDA:0,transferAnyERC20Token
FNDA:0,
DA:38,15
DA:39,15
DA:43,3
DA:44,0
DA:46,3
DA:47,3
DA:56,1
DA:57,1
DA:58,1
DA:59,1
DA:70,2
DA:71,2
DA:72,2
DA:73,2
DA:75,1
DA:76,0
DA:77,0
DA:81,1
DA:82,1
DA:93,1
DA:94,1
DA:95,1
DA:96,1
DA:97,1
DA:99,0
DA:100,0
DA:101,0
DA:106,1
DA:107,1
DA:116,1
DA:117,1
DA:118,1
DA:119,1
DA:120,1
DA:121,1
DA:122,1
DA:123,1
DA:133,1
DA:134,1
DA:135,1
DA:136,1
DA:137,1
DA:138,1
DA:139,1
DA:147,0
DA:148,0
DA:152,0
DA:156,1
DA:157,1
DA:158,1
DA:159,1
DA:160,1
DA:162,1
DA:171,6
DA:172,6
DA:173,6
DA:174,6
DA:176,1
DA:177,1
DA:182,5
DA:183,5
DA:195,1
DA:196,1
DA:197,1
DA:198,1
DA:199,1
DA:207,1
DA:208,1
DA:209,1
DA:210,1
DA:211,1
DA:212,1
DA:213,1
DA:214,1
DA:216,1
DA:223,1
DA:224,1
DA:225,1
DA:226,1
DA:227,1
DA:236,1
DA:237,1
DA:238,1
DA:248,2
DA:249,2
DA:250,2
DA:251,1
DA:252,1
DA:253,1
DA:254,1
DA:255,1
DA:257,1
DA:268,0
DA:269,0
DA:270,0
DA:274,0
LF:96
LH:83
BRDA:38,1,0,15
BRDA:38,1,1,0
BRDA:43,2,0,0
BRDA:43,2,1,3
BRDA:46,3,0,3
BRDA:46,3,1,0
BRDA:70,4,0,2
BRDA:70,4,1,0
BRDA:71,5,0,2
BRDA:71,5,1,0
BRDA:72,6,0,2
BRDA:72,6,1,0
BRDA:73,7,0,1
BRDA:73,7,1,1
BRDA:75,8,0,0
BRDA:75,8,1,1
BRDA:93,9,0,1
BRDA:93,9,1,0
BRDA:94,10,0,1
BRDA:94,10,1,0
BRDA:95,11,0,1
BRDA:95,11,1,0
BRDA:96,12,0,1
BRDA:96,12,1,0
BRDA:97,13,0,0
BRDA:97,13,1,1
BRDA:99,14,0,0
BRDA:99,14,1,0
BRDA:116,15,0,1
BRDA:116,15,1,0
BRDA:117,16,0,1
BRDA:117,16,1,0
BRDA:123,17,0,1
BRDA:123,17,1,0
BRDA:133,18,0,1
BRDA:133,18,1,0
BRDA:134,19,0,1
BRDA:134,19,1,0
BRDA:139,20,0,1
BRDA:139,20,1,0
BRDA:156,21,0,1
BRDA:156,21,1,0
BRDA:157,22,0,1
BRDA:157,22,1,0
BRDA:171,23,0,6
BRDA:171,23,1,0
BRDA:172,24,0,6
BRDA:172,24,1,0
BRDA:173,25,0,6
BRDA:173,25,1,0
BRDA:174,26,0,1
BRDA:174,26,1,5
BRDA:195,27,0,1
BRDA:195,27,1,0
BRDA:196,28,0,1
BRDA:196,28,1,0
BRDA:198,29,0,1
BRDA:198,29,1,0
BRDA:207,30,0,1
BRDA:207,30,1,0
BRDA:208,31,0,1
BRDA:208,31,1,0
BRDA:210,32,0,1
BRDA:210,32,1,0
BRDA:211,33,0,1
BRDA:211,33,1,0
BRDA:223,34,0,1
BRDA:223,34,1,0
BRDA:224,35,0,1
BRDA:224,35,1,0
BRDA:236,36,0,1
BRDA:236,36,1,0
BRDA:237,37,0,1
BRDA:237,37,1,0
BRDA:248,38,0,2
BRDA:248,38,1,0
BRDA:249,39,0,2
BRDA:249,39,1,0
BRDA:251,40,0,1
BRDA:251,40,1,0
BRDA:253,41,0,1
BRDA:253,41,1,0
BRDA:268,42,0,0
BRDA:268,42,1,0
BRDA:269,43,0,0
BRDA:269,43,1,0
BRF:86
BRH:42
end_of_record
TN:
SF:/home/abhi_21094/Projects/Pexo/contracts/SafeMath.sol
FN:4,add
FN:8,sub
FN:12,mul
FN:16,div
FNF:4
FNH:4
FNDA:37,add
FNDA:16,sub
FNDA:18,mul
FNDA:21,div
DA:5,37
DA:6,37
DA:9,16
DA:10,16
DA:13,18
DA:14,18
DA:17,21
DA:18,21
LF:8
LH:8
BRDA:6,1,0,37
BRDA:6,1,1,0
BRDA:9,2,0,16
BRDA:9,2,1,0
BRDA:14,3,0,17
BRDA:14,3,1,1
BRDA:17,4,0,21
BRDA:17,4,1,0
BRF:8
BRH:5
end_of_record
TN:
SF:/home/abhi_21094/Projects/Pexo/contracts/StandardToken.sol
FN:24,balanceOf
FN:33,transfer
FN:50,transferFrom
FN:74,approve
FN:86,changeApproval
FN:99,allowance
FN:107,burn
FNF:7
FNH:6
FNDA:24,balanceOf
FNDA:8,transfer
FNDA:1,transferFrom
FNDA:1,approve
FNDA:2,changeApproval
FNDA:5,allowance
FNDA:0,burn
DA:25,24
DA:34,8
DA:35,8
DA:36,8
DA:38,8
DA:40,0
DA:51,1
DA:52,1
DA:53,1
DA:55,1
DA:56,1
DA:57,1
DA:59,1
DA:80,1
DA:81,1
DA:83,1
DA:87,2
DA:88,1
DA:90,1
DA:100,5
DA:108,0
DA:109,0
DA:113,0
DA:114,0
DA:115,0
DA:117,0
LF:26
LH:19
BRDA:34,1,0,8
BRDA:34,1,1,0
BRDA:51,2,0,1
BRDA:51,2,1,0
BRDA:52,3,0,1
BRDA:52,3,1,0
BRDA:53,4,0,1
BRDA:53,4,1,0
BRDA:80,5,0,1
BRDA:80,5,1,0
BRDA:87,6,0,1
BRDA:87,6,1,1
BRDA:108,7,0,0
BRDA:108,7,1,0
BRDA:109,8,0,0
BRDA:109,8,1,0
BRF:16
BRH:7
end_of_record
TN:
SF:/home/abhi_21094/Projects/Pexo/contracts/TokenVesting.sol
FN:7,vestingTransfer
FN:31,TokenVesting
FN:41,vestTokens
FNF:3
FNH:2
FNDA:0,vestingTransfer
FNDA:1,TokenVesting
FNDA:1,vestTokens
DA:32,1
DA:44,1
DA:45,1
DA:46,1
DA:47,1
DA:48,1
DA:49,1
DA:50,1
DA:51,1
LF:9
LH:9
BRDA:44,1,0,1
BRDA:44,1,1,0
BRDA:45,2,0,1
BRDA:45,2,1,0
BRDA:50,3,0,1
BRDA:50,3,1,0
BRF:6
BRH:3
end_of_record
